<?xml version="1.0" encoding="UTF-8"?>
<!-- Generated by org.testng.reporters.JUnitReportReporter -->
<testsuite hostname="Home" failures="0" tests="1" name="com.retailproject.base.baseclass" time="4.795" errors="0" timestamp="2023-02-28T01:22:27 CST" skipped="0">
  <testcase classname="com.retailproject.base.baseclass" name="launchapp" time="4.795"/>
  <system-out/>
</testsuite> <!-- com.retailproject.base.baseclass -->
